<?xml version="1.0" encoding="UTF-8"?>
<testsuite name="EMPTY_NAME" tests="1" skipped="0" failures="1" errors="0" timestamp="2025-09-17T06:08:34" hostname="MacBook-Air-de-Maleja.local" time="0.657">
  <properties/>
  <testcase name="Verify the new employee's data and status" classname="EMPTY_NAME" time="0.657">
    <failure message="java.lang.IllegalArgumentException: Could not find a matching constructor for class class tasks.Loginwith parameters [Admin, admin123]" type="java.lang.IllegalArgumentException">java.lang.IllegalArgumentException: Could not find a matching constructor for class class tasks.Loginwith parameters [Admin, admin123]
	at net.thucydides.core.steps.StepFactory.argumentTypesFrom(StepFactory.java:229)
	at net.thucydides.core.steps.StepFactory.immutableStepLibrary(StepFactory.java:219)
	at net.thucydides.core.steps.StepFactory.createProxyStepLibrary(StepFactory.java:210)
	at net.thucydides.core.steps.StepFactory.instantiateUniqueStepLibraryFor(StepFactory.java:186)
	at net.thucydides.core.steps.StepFactory.getUniqueStepLibraryFor(StepFactory.java:122)
	at net.serenitybdd.screenplay.Tasks.instrumented(Tasks.java:12)
	at tasks.Login.with(Login.java:19)
	at stepdefinitions.ContratacionEmpleadoStepDefinitions.theUserLoginWithTheUsernameAndThePassword(ContratacionEmpleadoStepDefinitions.java:26)
	at âœ½.the user login with the username &quot;Admin&quot; and the password &quot;admin123&quot;(src/test/resources/features/employee_hiring.feature:8)
</failure>
    <failure message="cucumber.runtime.junit.UndefinedThrowable: The step &quot;check the user data Payroll Administrator,Aleja,2025-12-12 and Hired&quot; is undefined" type="cucumber.runtime.junit.UndefinedThrowable">cucumber.runtime.junit.UndefinedThrowable: The step &quot;check the user data Payroll Administrator,Aleja,2025-12-12 and Hired&quot; is undefined
</failure>
  </testcase>
  <system-out><![CDATA[]]></system-out>
  <system-err><![CDATA[[Test worker] INFO net.serenitybdd.core.Serenity - TEST PENDING
[Test worker] ERROR net.serenitybdd.core.Serenity - 
           __  _____ _____ ____ _____   _____ _    ___ _     _____ ____  
  _       / / |_   _| ____/ ___|_   _| |  ___/ \  |_ _| |   | ____|  _ \ 
 (_)_____| |    | | |  _| \___ \ | |   | |_ / _ \  | || |   |  _| | | | |
  _|_____| |    | | | |___ ___) || |   |  _/ ___ \ | || |___| |___| |_| |
 (_)     | |    |_| |_____|____/ |_|   |_|/_/   \_\___|_____|_____|____/ 
          \_\                                                            

TEST FAILED WITH ERROR: Verify the new employee's data and status
---------------------------------------------------------------------
[Test worker] ERROR net.serenitybdd.core.Serenity - TEST FAILED AT STEP Given the user login with the username "Admin" and the password "admin123"
[Test worker] ERROR net.serenitybdd.core.Serenity - Could not find a matching constructor for class class tasks.Loginwith parameters [Admin, admin123]
]]></system-err>
</testsuite>
