<?xml version="1.0" encoding="UTF-8"?><testsuite errors="1" failures="0" name="Employee hiring" skipped="0" tests="1" time="0.78" timestamp="2025-09-17 01:08:34"><testcase name="Verify the new employee's data and status"><error message="Could not find a matching constructor for class class tasks.Loginwith parameters [Admin, admin123]" type="java.lang.IllegalArgumentException">Could not find a matching constructor for class class tasks.Loginwith parameters [Admin, admin123]</error><system-err>Could not find a matching constructor for class class tasks.Loginwith parameters [Admin, admin123]
tasks.Login.with(Login.java:19)
stepdefinitions.EmployeeHiringStepDefinitions.theUserLoginWithTheUsernameAndThePassword(ContratacionEmpleadoStepDefinitions.java:26)
✽.the user login with the username "Admin" and the password "admin123"(src/test/resources/features/employee_hiring.feature:8)
</system-err></testcase></testsuite>